<?xml version="1.0" encoding="UTF-8"?>
<!-- Generated by org.testng.reporters.JUnitReportReporter -->
<testsuite hostname="LAPTOP-C757ACIO" name="com.acti.base.DriverScript" tests="1" failures="0" timestamp="6 Nov 2020 23:27:18 GMT" time="13.671" errors="0">
  <testcase name="initBrowser" time="13.671" classname="com.acti.base.DriverScript"/>
</testsuite> <!-- com.acti.base.DriverScript -->
