<?xml version="1.0" encoding="UTF-8"?>
<!-- Generated by org.testng.reporters.JUnitReportReporter -->
<testsuite hostname="LAPTOP-C757ACIO" name="com.acti.testcase.TC01_LoginTest" tests="2" failures="0" timestamp="7 Nov 2020 00:26:30 GMT" time="30.267" errors="0">
  <testcase name="testLogo" time="13.764" classname="com.acti.testcase.TC01_LoginTest"/>
  <testcase name="testLoginFun" time="16.503" classname="com.acti.testcase.TC01_LoginTest"/>
</testsuite> <!-- com.acti.testcase.TC01_LoginTest -->
